::1 - - [24/Dec/2020:22:41:54 +0000] "GET / HTTP/1.1" 404 139
::1 - - [24/Dec/2020:22:42:32 +0000] "GET /css/style.css HTTP/1.1" 404 152
::1 - - [24/Dec/2020:22:44:28 +0000] "GET /css/style.css HTTP/1.1" 404 152
::1 - - [24/Dec/2020:22:45:14 +0000] "GET /css/style.css HTTP/1.1" 404 152
::1 - - [24/Dec/2020:22:45:28 +0000] "GET /css/style.css HTTP/1.1" 404 152
::1 - - [24/Dec/2020:22:45:40 +0000] "GET /css/style.css HTTP/1.1" 404 152
::1 - - [24/Dec/2020:22:45:48 +0000] "GET /css/style.css HTTP/1.1" 404 152
::1 - - [24/Dec/2020:22:46:03 +0000] "GET /css/style.css HTTP/1.1" 404 152
::1 - - [24/Dec/2020:22:47:08 +0000] "GET /css/style.css HTTP/1.1" 404 152
::1 - - [24/Dec/2020:22:53:33 +0000] "GET /css/style.css HTTP/1.1" 404 152
::1 - - [24/Dec/2020:22:53:34 +0000] "GET /css/style.css HTTP/1.1" 404 152
::1 - - [24/Dec/2020:22:53:35 +0000] "POST /query HTTP/1.1" 404 145
::1 - - [24/Dec/2020:22:54:05 +0000] "GET /css/style.css HTTP/1.1" 404 152
::1 - - [24/Dec/2020:22:54:09 +0000] "POST /query HTTP/1.1" 404 145
::1 - - [24/Dec/2020:22:54:51 +0000] "POST /query HTTP/1.1" 404 145
::1 - - [24/Dec/2020:23:00:31 +0000] "POST /query HTTP/1.1" - -
::1 - - [24/Dec/2020:23:01:33 +0000] "POST /query HTTP/1.1" 200 -
::1 - - [24/Dec/2020:23:02:43 +0000] "POST /query HTTP/1.1" 200 -
::1 - - [24/Dec/2020:23:03:14 +0000] "POST /query HTTP/1.1" 200 -
::1 - - [24/Dec/2020:23:05:13 +0000] "POST /query HTTP/1.1" 200 -
::1 - - [24/Dec/2020:23:05:41 +0000] "POST /query HTTP/1.1" 200 -
::1 - - [24/Dec/2020:23:07:32 +0000] "POST /upload_link HTTP/1.1" 404 151
::1 - - [24/Dec/2020:23:07:40 +0000] "POST /query HTTP/1.1" 200 -
::1 - - [24/Dec/2020:23:08:36 +0000] "POST /query HTTP/1.1" 200 -
::1 - - [24/Dec/2020:23:08:38 +0000] "POST /query HTTP/1.1" 200 -
